0 info it worked if it ends with ok
1 verbose cli [ '/usr/local/bin/node', '/usr/local/bin/npm', 'i', 'react' ]
2 info using npm@4.1.2
3 info using node@v7.6.0
4 silly loadCurrentTree Starting
5 silly install loadCurrentTree
6 silly install readLocalPackageData
7 silly fetchPackageMetaData react
8 silly fetchNamedPackageData react
9 silly mapToRegistry name react
10 silly mapToRegistry using default registry
11 silly mapToRegistry registry https://registry.npmjs.taobao.org/
12 silly mapToRegistry data Result {
12 silly mapToRegistry   raw: 'react',
12 silly mapToRegistry   scope: null,
12 silly mapToRegistry   escapedName: 'react',
12 silly mapToRegistry   name: 'react',
12 silly mapToRegistry   rawSpec: '',
12 silly mapToRegistry   spec: 'latest',
12 silly mapToRegistry   type: 'tag' }
13 silly mapToRegistry uri https://registry.npmjs.taobao.org/react
14 verbose request uri https://registry.npmjs.taobao.org/react
15 verbose request no auth needed
16 info attempt registry request try #1 at 16:19:51
17 verbose request id aeff20c55a1229e5
18 http request GET https://registry.npmjs.taobao.org/react
19 info retry will retry, error on last attempt: Error: getaddrinfo ENOTFOUND registry.npmjs.taobao.org registry.npmjs.taobao.org:443
20 info attempt registry request try #2 at 16:20:01
21 http request GET https://registry.npmjs.taobao.org/react
22 info retry will retry, error on last attempt: Error: getaddrinfo ENOTFOUND registry.npmjs.taobao.org registry.npmjs.taobao.org:443
23 info attempt registry request try #3 at 16:21:01
24 http request GET https://registry.npmjs.taobao.org/react
25 silly fetchPackageMetaData Error: getaddrinfo ENOTFOUND registry.npmjs.taobao.org registry.npmjs.taobao.org:443
25 silly fetchPackageMetaData     at errnoException (dns.js:28:10)
25 silly fetchPackageMetaData     at GetAddrInfoReqWrap.onlookup [as oncomplete] (dns.js:76:26)
25 silly fetchPackageMetaData  error for react { Error: getaddrinfo ENOTFOUND registry.npmjs.taobao.org registry.npmjs.taobao.org:443
25 silly fetchPackageMetaData     at errnoException (dns.js:28:10)
25 silly fetchPackageMetaData     at GetAddrInfoReqWrap.onlookup [as oncomplete] (dns.js:76:26)
25 silly fetchPackageMetaData   code: 'ENOTFOUND',
25 silly fetchPackageMetaData   errno: 'ENOTFOUND',
25 silly fetchPackageMetaData   syscall: 'getaddrinfo',
25 silly fetchPackageMetaData   hostname: 'registry.npmjs.taobao.org',
25 silly fetchPackageMetaData   host: 'registry.npmjs.taobao.org',
25 silly fetchPackageMetaData   port: 443 }
26 silly rollbackFailedOptional Starting
27 silly rollbackFailedOptional Finishing
28 silly runTopLevelLifecycles Finishing
29 silly install printInstalled
30 verbose stack Error: getaddrinfo ENOTFOUND registry.npmjs.taobao.org registry.npmjs.taobao.org:443
30 verbose stack     at errnoException (dns.js:28:10)
30 verbose stack     at GetAddrInfoReqWrap.onlookup [as oncomplete] (dns.js:76:26)
31 verbose cwd /Users/alian/Documents/personal/personal_project/alians_blog
32 error Darwin 16.5.0
33 error argv "/usr/local/bin/node" "/usr/local/bin/npm" "i" "react"
34 error node v7.6.0
35 error npm  v4.1.2
36 error code ENOTFOUND
37 error errno ENOTFOUND
38 error syscall getaddrinfo
39 error network getaddrinfo ENOTFOUND registry.npmjs.taobao.org registry.npmjs.taobao.org:443
40 error network This is most likely not a problem with npm itself
40 error network and is related to network connectivity.
40 error network In most cases you are behind a proxy or have bad network settings.
40 error network
40 error network If you are behind a proxy, please make sure that the
40 error network 'proxy' config is set properly.  See: 'npm help config'
41 verbose exit [ 1, true ]
